#
# A fatal error has been detected by the Java Runtime Environment:
#
#  Internal Error (classFileParser.cpp:3174), pid=6172, tid=5780
#  Error: ShouldNotReachHere()
#
# JRE version: 6.0_20-b02
# Java VM: Java HotSpot(TM) Client VM (16.3-b01 mixed mode windows-x86 )
# If you would like to submit a bug report, please visit:
#   http://java.sun.com/webapps/bugreport/crash.jsp
#

---------------  T H R E A D  ---------------

Current thread (0x01e49000):  JavaThread "Unknown thread" [_thread_in_vm, id=5780, stack(0x002b0000,0x00300000)]

Stack: [0x002b0000,0x00300000],  sp=0x002ff880,  free space=13e002ff890k
Native frames: (J=compiled Java code, j=interpreted, Vv=VM code, C=native code)
V  [jvm.dll+0x1f4180]
V  [jvm.dll+0xa1e29]
V  [jvm.dll+0x74a41]
V  [jvm.dll+0x760e4]
V  [jvm.dll+0x1c26a5]
V  [jvm.dll+0x1c2ddd]
V  [jvm.dll+0x1c3195]
V  [jvm.dll+0x1c31db]
V  [jvm.dll+0x1c3302]
V  [jvm.dll+0x1c337a]
V  [jvm.dll+0x1c382d]
V  [jvm.dll+0x1c3c32]
V  [jvm.dll+0x1e40b3]
V  [jvm.dll+0x1e448c]
V  [jvm.dll+0xd89c1]
V  [jvm.dll+0x1ddcd8]
V  [jvm.dll+0x102e10]
C  [javaw.exe+0x1657]
C  [javaw.exe+0x1e2c]
C  [javaw.exe+0x8614]
C  [kernel32.dll+0x133aa]
C  [ntdll.dll+0x39ef2]
C  [ntdll.dll+0x39ec5]


---------------  P R O C E S S  ---------------

Java Threads: ( => current thread )

Other Threads:

=>0x01e49000 (exited) JavaThread "Unknown thread" [_thread_in_vm, id=5780, stack(0x002b0000,0x00300000)]

VM state:not at safepoint (not fully initialized)

VM Mutex/Monitor currently owned by a thread: None

Dynamic libraries:
0x00400000 - 0x00424000 	D:\Program Files (x86)\java\jre6\bin\javaw.exe
0x77750000 - 0x778d0000 	C:\Windows\SysWOW64\ntdll.dll
0x76090000 - 0x761a0000 	C:\Windows\syswow64\kernel32.dll
0x76730000 - 0x76777000 	C:\Windows\syswow64\KERNELBASE.dll
0x74f30000 - 0x74fd0000 	C:\Windows\syswow64\ADVAPI32.dll
0x74fd0000 - 0x7507c000 	C:\Windows\syswow64\msvcrt.dll
0x75cd0000 - 0x75ce9000 	C:\Windows\SysWOW64\sechost.dll
0x76940000 - 0x76a30000 	C:\Windows\syswow64\RPCRT4.dll
0x74e30000 - 0x74e90000 	C:\Windows\syswow64\SspiCli.dll
0x74e20000 - 0x74e2c000 	C:\Windows\syswow64\CRYPTBASE.dll
0x75e70000 - 0x75f70000 	C:\Windows\syswow64\USER32.dll
0x76af0000 - 0x76b80000 	C:\Windows\syswow64\GDI32.dll
0x76850000 - 0x7685a000 	C:\Windows\syswow64\LPK.dll
0x74e90000 - 0x74f2d000 	C:\Windows\syswow64\USP10.dll
0x75fa0000 - 0x76000000 	C:\Windows\system32\IMM32.DLL
0x76780000 - 0x7684c000 	C:\Windows\syswow64\MSCTF.dll
0x74bc0000 - 0x74bd5000 	C:\Windows\system32\AMINIT32.DLL
0x7c340000 - 0x7c396000 	D:\Program Files (x86)\java\jre6\bin\msvcr71.dll
0x6d800000 - 0x6da97000 	D:\Program Files (x86)\java\jre6\bin\client\jvm.dll
0x72420000 - 0x72452000 	C:\Windows\system32\WINMM.dll
0x71bc0000 - 0x71c0c000 	C:\Windows\system32\apphelp.dll
0x6d7b0000 - 0x6d7bc000 	D:\Program Files (x86)\java\jre6\bin\verify.dll
0x6d330000 - 0x6d34f000 	D:\Program Files (x86)\java\jre6\bin\java.dll
0x6d290000 - 0x6d298000 	D:\Program Files (x86)\java\jre6\bin\hpi.dll
0x76690000 - 0x76695000 	C:\Windows\syswow64\PSAPI.DLL
0x6d7f0000 - 0x6d7ff000 	D:\Program Files (x86)\java\jre6\bin\zip.dll

VM Arguments:
jvm_args: -Dfile.encoding=GBK -Xbootclasspath:G:\android-sdk-windows\platforms\android-8\android.jar 
java_command: com.csic.player.Transfer
Launcher Type: SUN_STANDARD

Environment Variables:
JAVA_HOME=D:\Program Files (x86)\java\jdk1.6.0_20
PATH=D:/Program Files (x86)/Java/jre6/bin/client;D:/Program Files (x86)/Java/jre6/bin;D:/Program Files (x86)/Java/jre6/lib/i386;C:\Windows\system32;C:\Windows;C:\Windows\System32\Wbem;C:\Windows\System32\WindowsPowerShell\v1.0\;C:\Program Files (x86)\instantclient_10_2;C:\Program Files\VanDyke Software\Clients\;D:\Program Files\TortoiseSVN\bin;D:\Program Files (x86)\java\jdk1.6.0_20\bin;D:\Program Files (x86)\java\jdk1.6.0_20\jre\bin;G:\eclipse\eclipse;
USERNAME=Administrator
OS=Windows_NT
PROCESSOR_IDENTIFIER=Intel64 Family 6 Model 37 Stepping 2, GenuineIntel



---------------  S Y S T E M  ---------------

OS: Windows 7 Build 7601 Service Pack 1

CPU:total 4 (8 cores per cpu, 2 threads per core) family 6 model 37 stepping 2, cmov, cx8, fxsr, mmx, sse, sse2, sse3, ssse3, sse4.1, sse4.2, popcnt, ht

Memory: 4k page, physical 6151004k(3666400k free), swap 12300148k(9262040k free)

vm_info: Java HotSpot(TM) Client VM (16.3-b01) for windows-x86 JRE (1.6.0_20-b02), built on Apr 12 2010 13:52:23 by "java_re" with MS VC++ 7.1 (VS2003)

time: Fri Jul 19 23:53:35 2013
elapsed time: 0 seconds

